{"C:\\SIX SEM\\it projects\\my-first-project\\react-project\\src\\App.jsx": {"path":"C:\\SIX SEM\\it projects\\my-first-project\\react-project\\src\\App.jsx","statementMap":{"0":{"start":{"line":13,"column":22},"end":{"line":13,"column":null}},"1":{"start":{"line":14,"column":21},"end":{"line":14,"column":null}},"2":{"start":{"line":16,"column":2},"end":{"line":29,"column":null}},"3":{"start":{"line":34,"column":2},"end":{"line":37,"column":null}}},"fnMap":{"0":{"name":"AppContent","decl":{"start":{"line":12,"column":16},"end":{"line":12,"column":29}},"loc":{"start":{"line":12,"column":29},"end":{"line":31,"column":null}},"line":12},"1":{"name":"App","decl":{"start":{"line":33,"column":9},"end":{"line":33,"column":15}},"loc":{"start":{"line":33,"column":15},"end":{"line":39,"column":null}},"line":33}},"branchMap":{"0":{"loc":{"start":{"line":18,"column":7},"end":{"line":18,"column":null}},"type":"binary-expr","locations":[{"start":{"line":18,"column":7},"end":{"line":18,"column":21}},{"start":{"line":18,"column":21},"end":{"line":18,"column":null}}],"line":18},"1":{"loc":{"start":{"line":22,"column":35},"end":{"line":22,"column":85}},"type":"cond-expr","locations":[{"start":{"line":22,"column":48},"end":{"line":22,"column":59}},{"start":{"line":22,"column":59},"end":{"line":22,"column":85}}],"line":22},"2":{"loc":{"start":{"line":23,"column":44},"end":{"line":23,"column":99}},"type":"cond-expr","locations":[{"start":{"line":23,"column":57},"end":{"line":23,"column":73}},{"start":{"line":23,"column":73},"end":{"line":23,"column":99}}],"line":23},"3":{"loc":{"start":{"line":24,"column":44},"end":{"line":24,"column":102}},"type":"cond-expr","locations":[{"start":{"line":24,"column":57},"end":{"line":24,"column":76}},{"start":{"line":24,"column":76},"end":{"line":24,"column":102}}],"line":24},"4":{"loc":{"start":{"line":28,"column":7},"end":{"line":28,"column":null}},"type":"binary-expr","locations":[{"start":{"line":28,"column":7},"end":{"line":28,"column":21}},{"start":{"line":28,"column":21},"end":{"line":28,"column":null}}],"line":28}},"s":{"0":11,"1":11,"2":11,"3":0},"f":{"0":11,"1":0},"b":{"0":[11,4],"1":[4,7],"2":[4,7],"3":[4,7],"4":[11,4]},"meta":{"lastBranch":5,"lastFunction":2,"lastStatement":4,"seen":{"f:12:16:12:29":0,"s:13:22:13:Infinity":0,"s:14:21:14:Infinity":1,"s:16:2:29:Infinity":2,"b:18:7:18:21:18:21:18:Infinity":0,"b:22:48:22:59:22:59:22:85":1,"b:23:57:23:73:23:73:23:99":2,"b:24:57:24:76:24:76:24:102":3,"b:28:7:28:21:28:21:28:Infinity":4,"f:33:9:33:15":1,"s:34:2:37:Infinity":3}}}
,"C:\\SIX SEM\\it projects\\my-first-project\\react-project\\src\\components\\MovieCard.jsx": {"path":"C:\\SIX SEM\\it projects\\my-first-project\\react-project\\src\\components\\MovieCard.jsx","statementMap":{"0":{"start":{"line":6,"column":58},"end":{"line":6,"column":null}},"1":{"start":{"line":7,"column":19},"end":{"line":7,"column":null}},"2":{"start":{"line":9,"column":8},"end":{"line":9,"column":null}},"3":{"start":{"line":11,"column":4},"end":{"line":11,"column":null}},"4":{"start":{"line":12,"column":4},"end":{"line":12,"column":null}},"5":{"start":{"line":14,"column":4},"end":{"line":15,"column":null}},"6":{"start":{"line":14,"column":18},"end":{"line":14,"column":null}},"7":{"start":{"line":15,"column":9},"end":{"line":15,"column":null}},"8":{"start":{"line":18,"column":2},"end":{"line":43,"column":null}},"9":{"start":{"line":21,"column":21},"end":{"line":21,"column":null}}},"fnMap":{"0":{"name":"MovieCard","decl":{"start":{"line":5,"column":9},"end":{"line":5,"column":19}},"loc":{"start":{"line":5,"column":30},"end":{"line":45,"column":null}},"line":5},"1":{"name":"onFavoriteClick","decl":{"start":{"line":10,"column":11},"end":{"line":10,"column":27}},"loc":{"start":{"line":10,"column":30},"end":{"line":16,"column":null}},"line":10},"2":{"name":"(anonymous_2)","decl":{"start":{"line":21,"column":15},"end":{"line":21,"column":21}},"loc":{"start":{"line":21,"column":21},"end":{"line":21,"column":null}},"line":21}},"branchMap":{"0":{"loc":{"start":{"line":14,"column":4},"end":{"line":15,"column":null}},"type":"if","locations":[{"start":{"line":14,"column":4},"end":{"line":15,"column":null}},{"start":{"line":15,"column":9},"end":{"line":15,"column":null}}],"line":14},"1":{"loc":{"start":{"line":31,"column":39},"end":{"line":31,"column":63}},"type":"cond-expr","locations":[{"start":{"line":31,"column":50},"end":{"line":31,"column":61}},{"start":{"line":31,"column":61},"end":{"line":31,"column":63}}],"line":31}},"s":{"0":30,"1":30,"2":30,"3":2,"4":2,"5":2,"6":1,"7":1,"8":30,"9":1},"f":{"0":30,"1":2,"2":1},"b":{"0":[1,1],"1":[2,28]},"meta":{"lastBranch":2,"lastFunction":3,"lastStatement":10,"seen":{"f:5:9:5:19":0,"s:6:58:6:Infinity":0,"s:7:19:7:Infinity":1,"s:9:8:9:Infinity":2,"f:10:11:10:27":1,"s:11:4:11:Infinity":3,"s:12:4:12:Infinity":4,"b:14:4:15:Infinity:15:9:15:Infinity":0,"s:14:4:15:Infinity":5,"s:14:18:14:Infinity":6,"s:15:9:15:Infinity":7,"s:18:2:43:Infinity":8,"f:21:15:21:21":2,"s:21:21:21:Infinity":9,"b:31:50:31:61:31:61:31:63":1}}}
,"C:\\SIX SEM\\it projects\\my-first-project\\react-project\\src\\contexts\\MovieContext.jsx": {"path":"C:\\SIX SEM\\it projects\\my-first-project\\react-project\\src\\contexts\\MovieContext.jsx","statementMap":{"0":{"start":{"line":3,"column":13},"end":{"line":3,"column":null}},"1":{"start":{"line":4,"column":12},"end":{"line":4,"column":null}},"2":{"start":{"line":6,"column":31},"end":{"line":6,"column":null}},"3":{"start":{"line":8,"column":29},"end":{"line":91,"column":null}},"4":{"start":{"line":9,"column":34},"end":{"line":9,"column":null}},"5":{"start":{"line":10,"column":38},"end":{"line":10,"column":null}},"6":{"start":{"line":12,"column":4},"end":{"line":19,"column":null}},"7":{"start":{"line":13,"column":27},"end":{"line":13,"column":null}},"8":{"start":{"line":14,"column":8},"end":{"line":18,"column":null}},"9":{"start":{"line":15,"column":25},"end":{"line":15,"column":null}},"10":{"start":{"line":16,"column":12},"end":{"line":16,"column":null}},"11":{"start":{"line":17,"column":12},"end":{"line":17,"column":null}},"12":{"start":{"line":21,"column":27},"end":{"line":29,"column":null}},"13":{"start":{"line":22,"column":8},"end":{"line":28,"column":null}},"14":{"start":{"line":23,"column":24},"end":{"line":23,"column":null}},"15":{"start":{"line":24,"column":25},"end":{"line":24,"column":null}},"16":{"start":{"line":25,"column":12},"end":{"line":25,"column":null}},"17":{"start":{"line":27,"column":12},"end":{"line":27,"column":null}},"18":{"start":{"line":31,"column":18},"end":{"line":51,"column":null}},"19":{"start":{"line":32,"column":8},"end":{"line":50,"column":null}},"20":{"start":{"line":33,"column":24},"end":{"line":37,"column":null}},"21":{"start":{"line":38,"column":25},"end":{"line":38,"column":null}},"22":{"start":{"line":40,"column":12},"end":{"line":44,"column":null}},"23":{"start":{"line":41,"column":16},"end":{"line":41,"column":null}},"24":{"start":{"line":42,"column":16},"end":{"line":42,"column":null}},"25":{"start":{"line":43,"column":16},"end":{"line":43,"column":null}},"26":{"start":{"line":46,"column":12},"end":{"line":46,"column":null}},"27":{"start":{"line":48,"column":12},"end":{"line":48,"column":null}},"28":{"start":{"line":49,"column":12},"end":{"line":49,"column":null}},"29":{"start":{"line":53,"column":19},"end":{"line":57,"column":null}},"30":{"start":{"line":54,"column":8},"end":{"line":54,"column":null}},"31":{"start":{"line":55,"column":8},"end":{"line":55,"column":null}},"32":{"start":{"line":56,"column":8},"end":{"line":56,"column":null}},"33":{"start":{"line":59,"column":27},"end":{"line":63,"column":null}},"34":{"start":{"line":60,"column":29},"end":{"line":60,"column":null}},"35":{"start":{"line":61,"column":8},"end":{"line":61,"column":null}},"36":{"start":{"line":62,"column":8},"end":{"line":62,"column":null}},"37":{"start":{"line":65,"column":32},"end":{"line":69,"column":null}},"38":{"start":{"line":66,"column":29},"end":{"line":66,"column":null}},"39":{"start":{"line":66,"column":51},"end":{"line":66,"column":67}},"40":{"start":{"line":67,"column":8},"end":{"line":67,"column":null}},"41":{"start":{"line":68,"column":8},"end":{"line":68,"column":null}},"42":{"start":{"line":71,"column":26},"end":{"line":82,"column":null}},"43":{"start":{"line":72,"column":8},"end":{"line":72,"column":null}},"44":{"start":{"line":72,"column":26},"end":{"line":72,"column":null}},"45":{"start":{"line":73,"column":8},"end":{"line":81,"column":null}},"46":{"start":{"line":74,"column":12},"end":{"line":78,"column":null}},"47":{"start":{"line":80,"column":12},"end":{"line":80,"column":null}},"48":{"start":{"line":84,"column":23},"end":{"line":84,"column":null}},"49":{"start":{"line":84,"column":36},"end":{"line":84,"column":null}},"50":{"start":{"line":84,"column":56},"end":{"line":84,"column":72}},"51":{"start":{"line":86,"column":18},"end":{"line":86,"column":null}},"52":{"start":{"line":88,"column":4},"end":{"line":90,"column":null}}},"fnMap":{"0":{"name":"(anonymous_0)","decl":{"start":{"line":6,"column":31},"end":{"line":6,"column":37}},"loc":{"start":{"line":6,"column":31},"end":{"line":6,"column":null}},"line":6},"1":{"name":"(anonymous_1)","decl":{"start":{"line":8,"column":29},"end":{"line":8,"column":30}},"loc":{"start":{"line":8,"column":45},"end":{"line":91,"column":null}},"line":8},"2":{"name":"(anonymous_2)","decl":{"start":{"line":12,"column":14},"end":{"line":12,"column":20}},"loc":{"start":{"line":12,"column":20},"end":{"line":19,"column":7}},"line":12},"3":{"name":"(anonymous_3)","decl":{"start":{"line":21,"column":27},"end":{"line":21,"column":34}},"loc":{"start":{"line":21,"column":47},"end":{"line":29,"column":null}},"line":21},"4":{"name":"(anonymous_4)","decl":{"start":{"line":31,"column":18},"end":{"line":31,"column":25}},"loc":{"start":{"line":31,"column":40},"end":{"line":51,"column":null}},"line":31},"5":{"name":"(anonymous_5)","decl":{"start":{"line":53,"column":19},"end":{"line":53,"column":25}},"loc":{"start":{"line":53,"column":25},"end":{"line":57,"column":null}},"line":53},"6":{"name":"(anonymous_6)","decl":{"start":{"line":59,"column":27},"end":{"line":59,"column":34}},"loc":{"start":{"line":59,"column":44},"end":{"line":63,"column":null}},"line":59},"7":{"name":"(anonymous_7)","decl":{"start":{"line":65,"column":32},"end":{"line":65,"column":39}},"loc":{"start":{"line":65,"column":51},"end":{"line":69,"column":null}},"line":65},"8":{"name":"(anonymous_8)","decl":{"start":{"line":66,"column":46},"end":{"line":66,"column":51}},"loc":{"start":{"line":66,"column":51},"end":{"line":66,"column":67}},"line":66},"9":{"name":"(anonymous_9)","decl":{"start":{"line":71,"column":26},"end":{"line":71,"column":33}},"loc":{"start":{"line":71,"column":50},"end":{"line":82,"column":null}},"line":71},"10":{"name":"(anonymous_10)","decl":{"start":{"line":84,"column":23},"end":{"line":84,"column":24}},"loc":{"start":{"line":84,"column":36},"end":{"line":84,"column":null}},"line":84},"11":{"name":"(anonymous_11)","decl":{"start":{"line":84,"column":51},"end":{"line":84,"column":56}},"loc":{"start":{"line":84,"column":56},"end":{"line":84,"column":72}},"line":84}},"branchMap":{"0":{"loc":{"start":{"line":14,"column":8},"end":{"line":18,"column":null}},"type":"if","locations":[{"start":{"line":14,"column":8},"end":{"line":18,"column":null}},{"start":{},"end":{}}],"line":14},"1":{"loc":{"start":{"line":40,"column":12},"end":{"line":44,"column":null}},"type":"if","locations":[{"start":{"line":40,"column":12},"end":{"line":44,"column":null}},{"start":{},"end":{}}],"line":40},"2":{"loc":{"start":{"line":72,"column":8},"end":{"line":72,"column":null}},"type":"if","locations":[{"start":{"line":72,"column":8},"end":{"line":72,"column":null}},{"start":{},"end":{}}],"line":72}},"s":{"0":6,"1":6,"2":88,"3":6,"4":26,"5":26,"6":26,"7":15,"8":15,"9":3,"10":3,"11":3,"12":26,"13":3,"14":3,"15":3,"16":3,"17":0,"18":26,"19":1,"20":1,"21":1,"22":1,"23":1,"24":1,"25":1,"26":1,"27":0,"28":0,"29":26,"30":0,"31":0,"32":0,"33":26,"34":3,"35":3,"36":3,"37":26,"38":1,"39":1,"40":1,"41":1,"42":26,"43":4,"44":4,"45":0,"46":0,"47":0,"48":26,"49":15,"50":3,"51":26,"52":26},"f":{"0":88,"1":26,"2":15,"3":3,"4":1,"5":0,"6":3,"7":1,"8":1,"9":4,"10":15,"11":3},"b":{"0":[3,12],"1":[1,0],"2":[4,0]},"meta":{"lastBranch":3,"lastFunction":12,"lastStatement":53,"seen":{"s:3:13:3:Infinity":0,"s:4:12:4:Infinity":1,"s:6:31:6:Infinity":2,"f:6:31:6:37":0,"s:8:29:91:Infinity":3,"f:8:29:8:30":1,"s:9:34:9:Infinity":4,"s:10:38:10:Infinity":5,"s:12:4:19:Infinity":6,"f:12:14:12:20":2,"s:13:27:13:Infinity":7,"b:14:8:18:Infinity:undefined:undefined:undefined:undefined":0,"s:14:8:18:Infinity":8,"s:15:25:15:Infinity":9,"s:16:12:16:Infinity":10,"s:17:12:17:Infinity":11,"s:21:27:29:Infinity":12,"f:21:27:21:34":3,"s:22:8:28:Infinity":13,"s:23:24:23:Infinity":14,"s:24:25:24:Infinity":15,"s:25:12:25:Infinity":16,"s:27:12:27:Infinity":17,"s:31:18:51:Infinity":18,"f:31:18:31:25":4,"s:32:8:50:Infinity":19,"s:33:24:37:Infinity":20,"s:38:25:38:Infinity":21,"b:40:12:44:Infinity:undefined:undefined:undefined:undefined":1,"s:40:12:44:Infinity":22,"s:41:16:41:Infinity":23,"s:42:16:42:Infinity":24,"s:43:16:43:Infinity":25,"s:46:12:46:Infinity":26,"s:48:12:48:Infinity":27,"s:49:12:49:Infinity":28,"s:53:19:57:Infinity":29,"f:53:19:53:25":5,"s:54:8:54:Infinity":30,"s:55:8:55:Infinity":31,"s:56:8:56:Infinity":32,"s:59:27:63:Infinity":33,"f:59:27:59:34":6,"s:60:29:60:Infinity":34,"s:61:8:61:Infinity":35,"s:62:8:62:Infinity":36,"s:65:32:69:Infinity":37,"f:65:32:65:39":7,"s:66:29:66:Infinity":38,"f:66:46:66:51":8,"s:66:51:66:67":39,"s:67:8:67:Infinity":40,"s:68:8:68:Infinity":41,"s:71:26:82:Infinity":42,"f:71:26:71:33":9,"b:72:8:72:Infinity:undefined:undefined:undefined:undefined":2,"s:72:8:72:Infinity":43,"s:72:26:72:Infinity":44,"s:73:8:81:Infinity":45,"s:74:12:78:Infinity":46,"s:80:12:80:Infinity":47,"s:84:23:84:Infinity":48,"f:84:23:84:24":10,"s:84:36:84:Infinity":49,"f:84:51:84:56":11,"s:84:56:84:72":50,"s:86:18:86:Infinity":51,"s:88:4:90:Infinity":52}}}
,"C:\\SIX SEM\\it projects\\my-first-project\\react-project\\src\\css\\App.css": {"path":"C:\\SIX SEM\\it projects\\my-first-project\\react-project\\src\\css\\App.css","statementMap":{},"fnMap":{},"branchMap":{},"s":{},"f":{},"b":{},"meta":{"lastBranch":0,"lastFunction":0,"lastStatement":0,"seen":{}}}
,"C:\\SIX SEM\\it projects\\my-first-project\\react-project\\src\\css\\Favorites.css": {"path":"C:\\SIX SEM\\it projects\\my-first-project\\react-project\\src\\css\\Favorites.css","statementMap":{},"fnMap":{},"branchMap":{},"s":{},"f":{},"b":{},"meta":{"lastBranch":0,"lastFunction":0,"lastStatement":0,"seen":{}}}
,"C:\\SIX SEM\\it projects\\my-first-project\\react-project\\src\\css\\Home.css": {"path":"C:\\SIX SEM\\it projects\\my-first-project\\react-project\\src\\css\\Home.css","statementMap":{},"fnMap":{},"branchMap":{},"s":{},"f":{},"b":{},"meta":{"lastBranch":0,"lastFunction":0,"lastStatement":0,"seen":{}}}
,"C:\\SIX SEM\\it projects\\my-first-project\\react-project\\src\\css\\Login.css": {"path":"C:\\SIX SEM\\it projects\\my-first-project\\react-project\\src\\css\\Login.css","statementMap":{},"fnMap":{},"branchMap":{},"s":{},"f":{},"b":{},"meta":{"lastBranch":0,"lastFunction":0,"lastStatement":0,"seen":{}}}
,"C:\\SIX SEM\\it projects\\my-first-project\\react-project\\src\\css\\MovieCard.css": {"path":"C:\\SIX SEM\\it projects\\my-first-project\\react-project\\src\\css\\MovieCard.css","statementMap":{},"fnMap":{},"branchMap":{},"s":{},"f":{},"b":{},"meta":{"lastBranch":0,"lastFunction":0,"lastStatement":0,"seen":{}}}
,"C:\\SIX SEM\\it projects\\my-first-project\\react-project\\src\\pages\\Favorites.jsx": {"path":"C:\\SIX SEM\\it projects\\my-first-project\\react-project\\src\\pages\\Favorites.jsx","statementMap":{"0":{"start":{"line":6,"column":20},"end":{"line":6,"column":null}},"1":{"start":{"line":8,"column":2},"end":{"line":19,"column":null}},"2":{"start":{"line":9,"column":4},"end":{"line":17,"column":null}},"3":{"start":{"line":14,"column":12},"end":{"line":14,"column":null}},"4":{"start":{"line":21,"column":2},"end":{"line":25,"column":null}}},"fnMap":{"0":{"name":"Favorites","decl":{"start":{"line":5,"column":9},"end":{"line":5,"column":21}},"loc":{"start":{"line":5,"column":21},"end":{"line":27,"column":null}},"line":5},"1":{"name":"(anonymous_1)","decl":{"start":{"line":13,"column":25},"end":{"line":13,"column":26}},"loc":{"start":{"line":14,"column":12},"end":{"line":14,"column":null}},"line":14}},"branchMap":{"0":{"loc":{"start":{"line":8,"column":2},"end":{"line":19,"column":null}},"type":"if","locations":[{"start":{"line":8,"column":2},"end":{"line":19,"column":null}},{"start":{},"end":{}}],"line":8}},"s":{"0":5,"1":5,"2":5,"3":7,"4":0},"f":{"0":5,"1":7},"b":{"0":[5,0]},"meta":{"lastBranch":1,"lastFunction":2,"lastStatement":5,"seen":{"f:5:9:5:21":0,"s:6:20:6:Infinity":0,"b:8:2:19:Infinity:undefined:undefined:undefined:undefined":0,"s:8:2:19:Infinity":1,"s:9:4:17:Infinity":2,"f:13:25:13:26":1,"s:14:12:14:Infinity":3,"s:21:2:25:Infinity":4}}}
,"C:\\SIX SEM\\it projects\\my-first-project\\react-project\\src\\pages\\Home.jsx": {"path":"C:\\SIX SEM\\it projects\\my-first-project\\react-project\\src\\pages\\Home.jsx","statementMap":{"0":{"start":{"line":7,"column":36},"end":{"line":7,"column":null}},"1":{"start":{"line":8,"column":26},"end":{"line":8,"column":null}},"2":{"start":{"line":9,"column":24},"end":{"line":9,"column":null}},"3":{"start":{"line":10,"column":28},"end":{"line":10,"column":null}},"4":{"start":{"line":12,"column":2},"end":{"line":26,"column":null}},"5":{"start":{"line":13,"column":30},"end":{"line":23,"column":null}},"6":{"start":{"line":14,"column":6},"end":{"line":22,"column":null}},"7":{"start":{"line":15,"column":30},"end":{"line":15,"column":null}},"8":{"start":{"line":16,"column":8},"end":{"line":16,"column":null}},"9":{"start":{"line":18,"column":8},"end":{"line":18,"column":null}},"10":{"start":{"line":19,"column":8},"end":{"line":19,"column":null}},"11":{"start":{"line":21,"column":8},"end":{"line":21,"column":null}},"12":{"start":{"line":25,"column":4},"end":{"line":25,"column":null}},"13":{"start":{"line":28,"column":23},"end":{"line":44,"column":null}},"14":{"start":{"line":29,"column":4},"end":{"line":29,"column":null}},"15":{"start":{"line":30,"column":4},"end":{"line":30,"column":null}},"16":{"start":{"line":30,"column":29},"end":{"line":30,"column":null}},"17":{"start":{"line":31,"column":4},"end":{"line":31,"column":null}},"18":{"start":{"line":31,"column":17},"end":{"line":31,"column":null}},"19":{"start":{"line":33,"column":4},"end":{"line":33,"column":null}},"20":{"start":{"line":34,"column":4},"end":{"line":43,"column":null}},"21":{"start":{"line":35,"column":30},"end":{"line":35,"column":null}},"22":{"start":{"line":36,"column":8},"end":{"line":36,"column":null}},"23":{"start":{"line":37,"column":8},"end":{"line":37,"column":null}},"24":{"start":{"line":39,"column":8},"end":{"line":39,"column":null}},"25":{"start":{"line":40,"column":8},"end":{"line":40,"column":null}},"26":{"start":{"line":42,"column":8},"end":{"line":42,"column":null}},"27":{"start":{"line":46,"column":2},"end":{"line":72,"column":null}},"28":{"start":{"line":54,"column":27},"end":{"line":54,"column":null}},"29":{"start":{"line":68,"column":12},"end":{"line":68,"column":null}}},"fnMap":{"0":{"name":"Home","decl":{"start":{"line":6,"column":9},"end":{"line":6,"column":16}},"loc":{"start":{"line":6,"column":16},"end":{"line":74,"column":null}},"line":6},"1":{"name":"(anonymous_1)","decl":{"start":{"line":12,"column":12},"end":{"line":12,"column":18}},"loc":{"start":{"line":12,"column":18},"end":{"line":26,"column":5}},"line":12},"2":{"name":"(anonymous_2)","decl":{"start":{"line":13,"column":30},"end":{"line":13,"column":42}},"loc":{"start":{"line":13,"column":42},"end":{"line":23,"column":null}},"line":13},"3":{"name":"(anonymous_3)","decl":{"start":{"line":28,"column":23},"end":{"line":28,"column":30}},"loc":{"start":{"line":28,"column":36},"end":{"line":44,"column":null}},"line":28},"4":{"name":"(anonymous_4)","decl":{"start":{"line":54,"column":20},"end":{"line":54,"column":21}},"loc":{"start":{"line":54,"column":27},"end":{"line":54,"column":null}},"line":54},"5":{"name":"(anonymous_5)","decl":{"start":{"line":67,"column":22},"end":{"line":67,"column":23}},"loc":{"start":{"line":68,"column":12},"end":{"line":68,"column":null}},"line":68}},"branchMap":{"0":{"loc":{"start":{"line":30,"column":4},"end":{"line":30,"column":null}},"type":"if","locations":[{"start":{"line":30,"column":4},"end":{"line":30,"column":null}},{"start":{},"end":{}}],"line":30},"1":{"loc":{"start":{"line":31,"column":4},"end":{"line":31,"column":null}},"type":"if","locations":[{"start":{"line":31,"column":4},"end":{"line":31,"column":null}},{"start":{},"end":{}}],"line":31},"2":{"loc":{"start":{"line":61,"column":9},"end":{"line":61,"column":null}},"type":"binary-expr","locations":[{"start":{"line":61,"column":9},"end":{"line":61,"column":18}},{"start":{"line":61,"column":18},"end":{"line":61,"column":null}}],"line":61},"3":{"loc":{"start":{"line":63,"column":7},"end":{"line":70,"column":null}},"type":"cond-expr","locations":[{"start":{"line":64,"column":8},"end":{"line":64,"column":null}},{"start":{"line":66,"column":8},"end":{"line":70,"column":null}}],"line":63}},"s":{"0":18,"1":18,"2":18,"3":18,"4":18,"5":7,"6":7,"7":7,"8":6,"9":1,"10":1,"11":7,"12":7,"13":18,"14":3,"15":3,"16":1,"17":2,"18":0,"19":2,"20":2,"21":2,"22":1,"23":1,"24":1,"25":1,"26":2,"27":18,"28":2,"29":15},"f":{"0":18,"1":7,"2":7,"3":3,"4":2,"5":15},"b":{"0":[1,2],"1":[0,2],"2":[18,2],"3":[9,9]},"meta":{"lastBranch":4,"lastFunction":6,"lastStatement":30,"seen":{"f:6:9:6:16":0,"s:7:36:7:Infinity":0,"s:8:26:8:Infinity":1,"s:9:24:9:Infinity":2,"s:10:28:10:Infinity":3,"s:12:2:26:Infinity":4,"f:12:12:12:18":1,"s:13:30:23:Infinity":5,"f:13:30:13:42":2,"s:14:6:22:Infinity":6,"s:15:30:15:Infinity":7,"s:16:8:16:Infinity":8,"s:18:8:18:Infinity":9,"s:19:8:19:Infinity":10,"s:21:8:21:Infinity":11,"s:25:4:25:Infinity":12,"s:28:23:44:Infinity":13,"f:28:23:28:30":3,"s:29:4:29:Infinity":14,"b:30:4:30:Infinity:undefined:undefined:undefined:undefined":0,"s:30:4:30:Infinity":15,"s:30:29:30:Infinity":16,"b:31:4:31:Infinity:undefined:undefined:undefined:undefined":1,"s:31:4:31:Infinity":17,"s:31:17:31:Infinity":18,"s:33:4:33:Infinity":19,"s:34:4:43:Infinity":20,"s:35:30:35:Infinity":21,"s:36:8:36:Infinity":22,"s:37:8:37:Infinity":23,"s:39:8:39:Infinity":24,"s:40:8:40:Infinity":25,"s:42:8:42:Infinity":26,"s:46:2:72:Infinity":27,"f:54:20:54:21":4,"s:54:27:54:Infinity":28,"b:61:9:61:18:61:18:61:Infinity":2,"b:64:8:64:Infinity:66:8:70:Infinity":3,"f:67:22:67:23":5,"s:68:12:68:Infinity":29}}}
,"C:\\SIX SEM\\it projects\\my-first-project\\react-project\\src\\pages\\Login.jsx": {"path":"C:\\SIX SEM\\it projects\\my-first-project\\react-project\\src\\pages\\Login.jsx","statementMap":{"0":{"start":{"line":7,"column":26},"end":{"line":7,"column":null}},"1":{"start":{"line":8,"column":36},"end":{"line":8,"column":null}},"2":{"start":{"line":9,"column":36},"end":{"line":9,"column":null}},"3":{"start":{"line":10,"column":32},"end":{"line":10,"column":null}},"4":{"start":{"line":12,"column":10},"end":{"line":12,"column":null}},"5":{"start":{"line":13,"column":18},"end":{"line":13,"column":null}},"6":{"start":{"line":15,"column":25},"end":{"line":18,"column":null}},"7":{"start":{"line":16,"column":32},"end":{"line":16,"column":null}},"8":{"start":{"line":17,"column":8},"end":{"line":17,"column":null}},"9":{"start":{"line":20,"column":25},"end":{"line":24,"column":null}},"10":{"start":{"line":21,"column":8},"end":{"line":21,"column":null}},"11":{"start":{"line":22,"column":8},"end":{"line":22,"column":null}},"12":{"start":{"line":23,"column":8},"end":{"line":23,"column":null}},"13":{"start":{"line":26,"column":4},"end":{"line":33,"column":null}},"14":{"start":{"line":27,"column":8},"end":{"line":32,"column":null}},"15":{"start":{"line":28,"column":12},"end":{"line":31,"column":null}},"16":{"start":{"line":29,"column":16},"end":{"line":30,"column":null}},"17":{"start":{"line":29,"column":34},"end":{"line":29,"column":null}},"18":{"start":{"line":30,"column":21},"end":{"line":30,"column":null}},"19":{"start":{"line":35,"column":21},"end":{"line":50,"column":null}},"20":{"start":{"line":36,"column":23},"end":{"line":36,"column":null}},"21":{"start":{"line":37,"column":22},"end":{"line":37,"column":null}},"22":{"start":{"line":38,"column":8},"end":{"line":38,"column":null}},"23":{"start":{"line":38,"column":30},"end":{"line":38,"column":null}},"24":{"start":{"line":39,"column":8},"end":{"line":43,"column":null}},"25":{"start":{"line":40,"column":12},"end":{"line":40,"column":null}},"26":{"start":{"line":41,"column":8},"end":{"line":43,"column":null}},"27":{"start":{"line":42,"column":12},"end":{"line":42,"column":null}},"28":{"start":{"line":44,"column":8},"end":{"line":48,"column":null}},"29":{"start":{"line":45,"column":12},"end":{"line":45,"column":null}},"30":{"start":{"line":46,"column":8},"end":{"line":48,"column":null}},"31":{"start":{"line":47,"column":12},"end":{"line":47,"column":null}},"32":{"start":{"line":49,"column":8},"end":{"line":49,"column":null}},"33":{"start":{"line":52,"column":4},"end":{"line":98,"column":null}}},"fnMap":{"0":{"name":"Login","decl":{"start":{"line":6,"column":9},"end":{"line":6,"column":17}},"loc":{"start":{"line":6,"column":17},"end":{"line":100,"column":null}},"line":6},"1":{"name":"(anonymous_1)","decl":{"start":{"line":15,"column":25},"end":{"line":15,"column":26}},"loc":{"start":{"line":15,"column":32},"end":{"line":18,"column":null}},"line":15},"2":{"name":"(anonymous_2)","decl":{"start":{"line":20,"column":25},"end":{"line":20,"column":26}},"loc":{"start":{"line":20,"column":32},"end":{"line":24,"column":null}},"line":20},"3":{"name":"(anonymous_3)","decl":{"start":{"line":26,"column":14},"end":{"line":26,"column":20}},"loc":{"start":{"line":26,"column":20},"end":{"line":33,"column":7}},"line":26},"4":{"name":"(anonymous_4)","decl":{"start":{"line":28,"column":35},"end":{"line":28,"column":43}},"loc":{"start":{"line":28,"column":43},"end":{"line":31,"column":13}},"line":28},"5":{"name":"(anonymous_5)","decl":{"start":{"line":35,"column":21},"end":{"line":35,"column":22}},"loc":{"start":{"line":35,"column":33},"end":{"line":50,"column":null}},"line":35}},"branchMap":{"0":{"loc":{"start":{"line":27,"column":8},"end":{"line":32,"column":null}},"type":"if","locations":[{"start":{"line":27,"column":8},"end":{"line":32,"column":null}},{"start":{},"end":{}}],"line":27},"1":{"loc":{"start":{"line":27,"column":12},"end":{"line":27,"column":62}},"type":"binary-expr","locations":[{"start":{"line":27,"column":12},"end":{"line":27,"column":52}},{"start":{"line":27,"column":52},"end":{"line":27,"column":62}}],"line":27},"2":{"loc":{"start":{"line":29,"column":16},"end":{"line":30,"column":null}},"type":"if","locations":[{"start":{"line":29,"column":16},"end":{"line":30,"column":null}},{"start":{"line":30,"column":21},"end":{"line":30,"column":null}}],"line":29},"3":{"loc":{"start":{"line":38,"column":8},"end":{"line":38,"column":null}},"type":"if","locations":[{"start":{"line":38,"column":8},"end":{"line":38,"column":null}},{"start":{},"end":{}}],"line":38},"4":{"loc":{"start":{"line":39,"column":8},"end":{"line":43,"column":null}},"type":"if","locations":[{"start":{"line":39,"column":8},"end":{"line":43,"column":null}},{"start":{"line":41,"column":8},"end":{"line":43,"column":null}}],"line":39},"5":{"loc":{"start":{"line":41,"column":8},"end":{"line":43,"column":null}},"type":"if","locations":[{"start":{"line":41,"column":8},"end":{"line":43,"column":null}},{"start":{},"end":{}}],"line":41},"6":{"loc":{"start":{"line":44,"column":8},"end":{"line":48,"column":null}},"type":"if","locations":[{"start":{"line":44,"column":8},"end":{"line":48,"column":null}},{"start":{"line":46,"column":8},"end":{"line":48,"column":null}}],"line":44},"7":{"loc":{"start":{"line":46,"column":8},"end":{"line":48,"column":null}},"type":"if","locations":[{"start":{"line":46,"column":8},"end":{"line":48,"column":null}},{"start":{},"end":{}}],"line":46}},"s":{"0":27,"1":27,"2":27,"3":27,"4":27,"5":27,"6":27,"7":13,"8":13,"9":27,"10":6,"11":6,"12":6,"13":27,"14":14,"15":2,"16":2,"17":1,"18":1,"19":27,"20":6,"21":6,"22":6,"23":1,"24":6,"25":2,"26":4,"27":1,"28":6,"29":2,"30":4,"31":1,"32":6,"33":27},"f":{"0":27,"1":13,"2":6,"3":14,"4":2,"5":6},"b":{"0":[2,12],"1":[14,9],"2":[1,1],"3":[1,5],"4":[2,4],"5":[1,3],"6":[2,4],"7":[1,3]},"meta":{"lastBranch":8,"lastFunction":6,"lastStatement":34,"seen":{"f:6:9:6:17":0,"s:7:26:7:Infinity":0,"s:8:36:8:Infinity":1,"s:9:36:9:Infinity":2,"s:10:32:10:Infinity":3,"s:12:10:12:Infinity":4,"s:13:18:13:Infinity":5,"s:15:25:18:Infinity":6,"f:15:25:15:26":1,"s:16:32:16:Infinity":7,"s:17:8:17:Infinity":8,"s:20:25:24:Infinity":9,"f:20:25:20:26":2,"s:21:8:21:Infinity":10,"s:22:8:22:Infinity":11,"s:23:8:23:Infinity":12,"s:26:4:33:Infinity":13,"f:26:14:26:20":3,"b:27:8:32:Infinity:undefined:undefined:undefined:undefined":0,"s:27:8:32:Infinity":14,"b:27:12:27:52:27:52:27:62":1,"s:28:12:31:Infinity":15,"f:28:35:28:43":4,"b:29:16:30:Infinity:30:21:30:Infinity":2,"s:29:16:30:Infinity":16,"s:29:34:29:Infinity":17,"s:30:21:30:Infinity":18,"s:35:21:50:Infinity":19,"f:35:21:35:22":5,"s:36:23:36:Infinity":20,"s:37:22:37:Infinity":21,"b:38:8:38:Infinity:undefined:undefined:undefined:undefined":3,"s:38:8:38:Infinity":22,"s:38:30:38:Infinity":23,"b:39:8:43:Infinity:41:8:43:Infinity":4,"s:39:8:43:Infinity":24,"s:40:12:40:Infinity":25,"b:41:8:43:Infinity:undefined:undefined:undefined:undefined":5,"s:41:8:43:Infinity":26,"s:42:12:42:Infinity":27,"b:44:8:48:Infinity:46:8:48:Infinity":6,"s:44:8:48:Infinity":28,"s:45:12:45:Infinity":29,"b:46:8:48:Infinity:undefined:undefined:undefined:undefined":7,"s:46:8:48:Infinity":30,"s:47:12:47:Infinity":31,"s:49:8:49:Infinity":32,"s:52:4:98:Infinity":33}}}
,"C:\\SIX SEM\\it projects\\my-first-project\\react-project\\src\\services\\api.js": {"path":"C:\\SIX SEM\\it projects\\my-first-project\\react-project\\src\\services\\api.js","statementMap":{"0":{"start":{"line":1,"column":16},"end":{"line":1,"column":50}},"1":{"start":{"line":2,"column":17},"end":{"line":2,"column":47}},"2":{"start":{"line":4,"column":32},"end":{"line":8,"column":1}},"3":{"start":{"line":5,"column":19},"end":{"line":5,"column":78}},"4":{"start":{"line":6,"column":15},"end":{"line":6,"column":36}},"5":{"start":{"line":7,"column":2},"end":{"line":7,"column":22}},"6":{"start":{"line":10,"column":28},"end":{"line":16,"column":1}},"7":{"start":{"line":11,"column":19},"end":{"line":13,"column":3}},"8":{"start":{"line":14,"column":15},"end":{"line":14,"column":36}},"9":{"start":{"line":15,"column":2},"end":{"line":15,"column":22}},"10":{"start":{"line":18,"column":31},"end":{"line":24,"column":1}},"11":{"start":{"line":19,"column":19},"end":{"line":21,"column":3}},"12":{"start":{"line":22,"column":15},"end":{"line":22,"column":36}},"13":{"start":{"line":23,"column":2},"end":{"line":23,"column":14}},"14":{"start":{"line":26,"column":30},"end":{"line":30,"column":1}},"15":{"start":{"line":27,"column":19},"end":{"line":27,"column":88}},"16":{"start":{"line":28,"column":15},"end":{"line":28,"column":36}},"17":{"start":{"line":29,"column":2},"end":{"line":29,"column":22}}},"fnMap":{"0":{"name":"(anonymous_0)","decl":{"start":{"line":4,"column":32},"end":{"line":4,"column":37}},"loc":{"start":{"line":4,"column":44},"end":{"line":8,"column":1}},"line":4},"1":{"name":"(anonymous_1)","decl":{"start":{"line":10,"column":28},"end":{"line":10,"column":33}},"loc":{"start":{"line":10,"column":45},"end":{"line":16,"column":1}},"line":10},"2":{"name":"(anonymous_2)","decl":{"start":{"line":18,"column":31},"end":{"line":18,"column":36}},"loc":{"start":{"line":18,"column":50},"end":{"line":24,"column":1}},"line":18},"3":{"name":"(anonymous_3)","decl":{"start":{"line":26,"column":30},"end":{"line":26,"column":35}},"loc":{"start":{"line":26,"column":49},"end":{"line":30,"column":1}},"line":26}},"branchMap":{},"s":{"0":1,"1":1,"2":1,"3":3,"4":3,"5":3,"6":1,"7":3,"8":3,"9":3,"10":1,"11":3,"12":3,"13":3,"14":1,"15":3,"16":3,"17":3},"f":{"0":3,"1":3,"2":3,"3":3},"b":{},"meta":{"lastBranch":0,"lastFunction":4,"lastStatement":18,"seen":{"s:1:16:1:50":0,"s:2:17:2:47":1,"s:4:32:8:1":2,"f:4:32:4:37":0,"s:5:19:5:78":3,"s:6:15:6:36":4,"s:7:2:7:22":5,"s:10:28:16:1":6,"f:10:28:10:33":1,"s:11:19:13:3":7,"s:14:15:14:36":8,"s:15:2:15:22":9,"s:18:31:24:1":10,"f:18:31:18:36":2,"s:19:19:21:3":11,"s:22:15:22:36":12,"s:23:2:23:14":13,"s:26:30:30:1":14,"f:26:30:26:35":3,"s:27:19:27:88":15,"s:28:15:28:36":16,"s:29:2:29:22":17}}}
}
